<?xml version="1.0" encoding="UTF-8"?>
<!-- Generated by org.testng.reporters.JUnitReportReporter -->
<testsuite hostname="salman-PC" name="Testcase.Gcrit" tests="1" failures="0" timestamp="28 Nov 2019 08:25:44 GMT" time="8.457" errors="0">
  <testcase name="launchapplication" time="8.457" classname="Testcase.Gcrit"/>
</testsuite> <!-- Testcase.Gcrit -->
